android-switch-backport/build/intermediates/proguard-rules/release/aapt_rules.txt
# view res/layout/preference_widget_switch.xml #generated:22
-keep class org.jraf.android.backport.switchwidget.Switch { <init>(...); }